{"/Users/chandimasamaraweera/Sites/irdetoi-note/config/config.js": {"path":"/Users/chandimasamaraweera/Sites/irdetoi-note/config/config.js","statementMap":{"0":{"start":{"line":1,"column":12},"end":{"line":1,"column":23}},"1":{"start":{"line":2,"column":15},"end":{"line":2,"column":32}},"2":{"start":{"line":3,"column":13},"end":{"line":3,"column":28}},"3":{"start":{"line":4,"column":0},"end":{"line":6,"column":3}},"4":{"start":{"line":8,"column":0},"end":{"line":8,"column":36}},"5":{"start":{"line":10,"column":15},"end":{"line":28,"column":1}},"6":{"start":{"line":30,"column":0},"end":{"line":30,"column":24}}},"fnMap":{},"branchMap":{},"s":{"0":1,"1":1,"2":1,"3":1,"4":1,"5":1,"6":1},"f":{},"b":{},"_coverageSchema":"1a1c01bbd47fc00a2c39e90264f33305004495a9","hash":"11d8316dd2167174cee8c18cbbe0c7ee91978f73"}
,"/Users/chandimasamaraweera/Sites/irdetoi-note/controllers/auth.controller.js": {"path":"/Users/chandimasamaraweera/Sites/irdetoi-note/controllers/auth.controller.js","statementMap":{"0":{"start":{"line":1,"column":12},"end":{"line":1,"column":35}},"1":{"start":{"line":3,"column":15},"end":{"line":3,"column":42}},"2":{"start":{"line":4,"column":19},"end":{"line":4,"column":55}},"3":{"start":{"line":5,"column":20},"end":{"line":5,"column":55}},"4":{"start":{"line":7,"column":0},"end":{"line":78,"column":2}},"5":{"start":{"line":14,"column":4},"end":{"line":76,"column":5}},"6":{"start":{"line":15,"column":6},"end":{"line":15,"column":42}},"7":{"start":{"line":16,"column":31},"end":{"line":16,"column":63}},"8":{"start":{"line":17,"column":6},"end":{"line":17,"column":58}},"9":{"start":{"line":18,"column":21},"end":{"line":18,"column":23}},"10":{"start":{"line":19,"column":6},"end":{"line":43,"column":7}},"11":{"start":{"line":20,"column":8},"end":{"line":26,"column":11}},"12":{"start":{"line":21,"column":10},"end":{"line":21,"column":33}},"13":{"start":{"line":22,"column":10},"end":{"line":25,"column":13}},"14":{"start":{"line":27,"column":8},"end":{"line":27,"column":40}},"15":{"start":{"line":29,"column":30},"end":{"line":29,"column":75}},"16":{"start":{"line":30,"column":33},"end":{"line":32,"column":9}},"17":{"start":{"line":34,"column":8},"end":{"line":42,"column":9}},"18":{"start":{"line":35,"column":10},"end":{"line":35,"column":45}},"19":{"start":{"line":36,"column":10},"end":{"line":36,"column":49}},"20":{"start":{"line":37,"column":10},"end":{"line":40,"column":13}},"21":{"start":{"line":41,"column":10},"end":{"line":41,"column":46}},"22":{"start":{"line":44,"column":6},"end":{"line":46,"column":7}},"23":{"start":{"line":45,"column":8},"end":{"line":45,"column":44}},"24":{"start":{"line":47,"column":24},"end":{"line":51,"column":7}},"25":{"start":{"line":52,"column":6},"end":{"line":55,"column":9}},"26":{"start":{"line":56,"column":6},"end":{"line":72,"column":8}},"27":{"start":{"line":67,"column":10},"end":{"line":69,"column":11}},"28":{"start":{"line":68,"column":12},"end":{"line":68,"column":45}},"29":{"start":{"line":70,"column":10},"end":{"line":70,"column":49}},"30":{"start":{"line":74,"column":6},"end":{"line":74,"column":32}},"31":{"start":{"line":75,"column":6},"end":{"line":75,"column":39}},"32":{"start":{"line":80,"column":0},"end":{"line":107,"column":2}},"33":{"start":{"line":81,"column":2},"end":{"line":106,"column":3}},"34":{"start":{"line":82,"column":4},"end":{"line":82,"column":45}},"35":{"start":{"line":83,"column":4},"end":{"line":86,"column":7}},"36":{"start":{"line":87,"column":4},"end":{"line":92,"column":5}},"37":{"start":{"line":88,"column":6},"end":{"line":88,"column":59}},"38":{"start":{"line":89,"column":6},"end":{"line":89,"column":57}},"39":{"start":{"line":91,"column":6},"end":{"line":91,"column":36}},"40":{"start":{"line":93,"column":17},"end":{"line":93,"column":62}},"41":{"start":{"line":94,"column":18},"end":{"line":100,"column":5}},"42":{"start":{"line":101,"column":4},"end":{"line":103,"column":75}},"43":{"start":{"line":109,"column":0},"end":{"line":127,"column":2}},"44":{"start":{"line":110,"column":2},"end":{"line":126,"column":3}},"45":{"start":{"line":111,"column":18},"end":{"line":111,"column":47}},"46":{"start":{"line":112,"column":4},"end":{"line":112,"column":67}},"47":{"start":{"line":113,"column":4},"end":{"line":115,"column":5}},"48":{"start":{"line":114,"column":6},"end":{"line":114,"column":69}},"49":{"start":{"line":117,"column":4},"end":{"line":123,"column":7}},"50":{"start":{"line":118,"column":6},"end":{"line":120,"column":7}},"51":{"start":{"line":119,"column":8},"end":{"line":119,"column":66}},"52":{"start":{"line":121,"column":6},"end":{"line":121,"column":30}},"53":{"start":{"line":122,"column":6},"end":{"line":122,"column":13}},"54":{"start":{"line":125,"column":4},"end":{"line":125,"column":21}},"55":{"start":{"line":129,"column":0},"end":{"line":152,"column":2}},"56":{"start":{"line":130,"column":2},"end":{"line":151,"column":3}},"57":{"start":{"line":131,"column":4},"end":{"line":131,"column":67}},"58":{"start":{"line":132,"column":4},"end":{"line":140,"column":5}},"59":{"start":{"line":133,"column":21},"end":{"line":133,"column":23}},"60":{"start":{"line":134,"column":6},"end":{"line":134,"column":42}},"61":{"start":{"line":135,"column":6},"end":{"line":138,"column":9}},"62":{"start":{"line":139,"column":6},"end":{"line":139,"column":42}},"63":{"start":{"line":141,"column":18},"end":{"line":147,"column":5}},"64":{"start":{"line":148,"column":4},"end":{"line":148,"column":36}},"65":{"start":{"line":150,"column":4},"end":{"line":150,"column":21}},"66":{"start":{"line":154,"column":0},"end":{"line":172,"column":2}},"67":{"start":{"line":155,"column":2},"end":{"line":171,"column":3}},"68":{"start":{"line":156,"column":4},"end":{"line":156,"column":70}},"69":{"start":{"line":157,"column":4},"end":{"line":165,"column":5}},"70":{"start":{"line":158,"column":21},"end":{"line":158,"column":23}},"71":{"start":{"line":159,"column":6},"end":{"line":159,"column":42}},"72":{"start":{"line":160,"column":6},"end":{"line":163,"column":9}},"73":{"start":{"line":164,"column":6},"end":{"line":164,"column":42}},"74":{"start":{"line":166,"column":4},"end":{"line":168,"column":7}},"75":{"start":{"line":170,"column":4},"end":{"line":170,"column":21}},"76":{"start":{"line":174,"column":0},"end":{"line":186,"column":2}},"77":{"start":{"line":175,"column":2},"end":{"line":185,"column":3}},"78":{"start":{"line":176,"column":4},"end":{"line":176,"column":17}},"79":{"start":{"line":177,"column":4},"end":{"line":177,"column":34}},"80":{"start":{"line":178,"column":4},"end":{"line":181,"column":7}},"81":{"start":{"line":182,"column":4},"end":{"line":182,"column":64}},"82":{"start":{"line":184,"column":4},"end":{"line":184,"column":21}}},"fnMap":{"0":{"name":"(anonymous_0)","decl":{"start":{"line":13,"column":2},"end":{"line":13,"column":3}},"loc":{"start":{"line":13,"column":28},"end":{"line":77,"column":3}},"line":13},"1":{"name":"(anonymous_1)","decl":{"start":{"line":20,"column":40},"end":{"line":20,"column":41}},"loc":{"start":{"line":20,"column":51},"end":{"line":26,"column":9}},"line":20},"2":{"name":"(anonymous_2)","decl":{"start":{"line":66,"column":8},"end":{"line":66,"column":9}},"loc":{"start":{"line":66,"column":24},"end":{"line":71,"column":9}},"line":66},"3":{"name":"(anonymous_3)","decl":{"start":{"line":80,"column":16},"end":{"line":80,"column":17}},"loc":{"start":{"line":80,"column":42},"end":{"line":107,"column":1}},"line":80},"4":{"name":"(anonymous_4)","decl":{"start":{"line":109,"column":22},"end":{"line":109,"column":23}},"loc":{"start":{"line":109,"column":42},"end":{"line":127,"column":1}},"line":109},"5":{"name":"(anonymous_5)","decl":{"start":{"line":117,"column":41},"end":{"line":117,"column":42}},"loc":{"start":{"line":117,"column":59},"end":{"line":123,"column":5}},"line":117},"6":{"name":"(anonymous_6)","decl":{"start":{"line":129,"column":19},"end":{"line":129,"column":20}},"loc":{"start":{"line":129,"column":45},"end":{"line":152,"column":1}},"line":129},"7":{"name":"(anonymous_7)","decl":{"start":{"line":154,"column":22},"end":{"line":154,"column":23}},"loc":{"start":{"line":154,"column":42},"end":{"line":172,"column":1}},"line":154},"8":{"name":"(anonymous_8)","decl":{"start":{"line":174,"column":17},"end":{"line":174,"column":18}},"loc":{"start":{"line":174,"column":37},"end":{"line":186,"column":1}},"line":174}},"branchMap":{"0":{"loc":{"start":{"line":19,"column":6},"end":{"line":43,"column":7}},"type":"if","locations":[{"start":{"line":19,"column":6},"end":{"line":43,"column":7}},{"start":{"line":28,"column":13},"end":{"line":43,"column":7}}],"line":19},"1":{"loc":{"start":{"line":34,"column":8},"end":{"line":42,"column":9}},"type":"if","locations":[{"start":{"line":34,"column":8},"end":{"line":42,"column":9}},{"start":{},"end":{}}],"line":34},"2":{"loc":{"start":{"line":34,"column":12},"end":{"line":34,"column":45}},"type":"binary-expr","locations":[{"start":{"line":34,"column":12},"end":{"line":34,"column":25}},{"start":{"line":34,"column":29},"end":{"line":34,"column":45}}],"line":34},"3":{"loc":{"start":{"line":44,"column":6},"end":{"line":46,"column":7}},"type":"if","locations":[{"start":{"line":44,"column":6},"end":{"line":46,"column":7}},{"start":{},"end":{}}],"line":44},"4":{"loc":{"start":{"line":67,"column":10},"end":{"line":69,"column":11}},"type":"if","locations":[{"start":{"line":67,"column":10},"end":{"line":69,"column":11}},{"start":{},"end":{}}],"line":67},"5":{"loc":{"start":{"line":87,"column":4},"end":{"line":92,"column":5}},"type":"if","locations":[{"start":{"line":87,"column":4},"end":{"line":92,"column":5}},{"start":{"line":90,"column":11},"end":{"line":92,"column":5}}],"line":87},"6":{"loc":{"start":{"line":113,"column":4},"end":{"line":115,"column":5}},"type":"if","locations":[{"start":{"line":113,"column":4},"end":{"line":115,"column":5}},{"start":{},"end":{}}],"line":113},"7":{"loc":{"start":{"line":118,"column":6},"end":{"line":120,"column":7}},"type":"if","locations":[{"start":{"line":118,"column":6},"end":{"line":120,"column":7}},{"start":{},"end":{}}],"line":118},"8":{"loc":{"start":{"line":132,"column":4},"end":{"line":140,"column":5}},"type":"if","locations":[{"start":{"line":132,"column":4},"end":{"line":140,"column":5}},{"start":{},"end":{}}],"line":132},"9":{"loc":{"start":{"line":157,"column":4},"end":{"line":165,"column":5}},"type":"if","locations":[{"start":{"line":157,"column":4},"end":{"line":165,"column":5}},{"start":{},"end":{}}],"line":157}},"s":{"0":1,"1":1,"2":1,"3":1,"4":1,"5":0,"6":0,"7":0,"8":0,"9":0,"10":0,"11":0,"12":0,"13":0,"14":0,"15":0,"16":0,"17":0,"18":0,"19":0,"20":0,"21":0,"22":0,"23":0,"24":0,"25":0,"26":0,"27":0,"28":0,"29":0,"30":0,"31":0,"32":1,"33":1,"34":1,"35":1,"36":0,"37":0,"38":0,"39":0,"40":0,"41":0,"42":0,"43":1,"44":0,"45":0,"46":0,"47":0,"48":0,"49":0,"50":0,"51":0,"52":0,"53":0,"54":0,"55":1,"56":0,"57":0,"58":0,"59":0,"60":0,"61":0,"62":0,"63":0,"64":0,"65":0,"66":1,"67":0,"68":0,"69":0,"70":0,"71":0,"72":0,"73":0,"74":0,"75":0,"76":1,"77":0,"78":0,"79":0,"80":0,"81":0,"82":0},"f":{"0":0,"1":0,"2":0,"3":1,"4":0,"5":0,"6":0,"7":0,"8":0},"b":{"0":[0,0],"1":[0,0],"2":[0,0],"3":[0,0],"4":[0,0],"5":[0,0],"6":[0,0],"7":[0,0],"8":[0,0],"9":[0,0]},"_coverageSchema":"1a1c01bbd47fc00a2c39e90264f33305004495a9","hash":"e4fd5d965d9e68bb75ac22fe9046944dc036ad1f"}
,"/Users/chandimasamaraweera/Sites/irdetoi-note/middlewares/validation.js": {"path":"/Users/chandimasamaraweera/Sites/irdetoi-note/middlewares/validation.js","statementMap":{"0":{"start":{"line":1,"column":42},"end":{"line":1,"column":70}},"1":{"start":{"line":3,"column":0},"end":{"line":6,"column":69}},"2":{"start":{"line":8,"column":0},"end":{"line":15,"column":40}},"3":{"start":{"line":10,"column":4},"end":{"line":12,"column":5}},"4":{"start":{"line":11,"column":6},"end":{"line":11,"column":19}},"5":{"start":{"line":13,"column":4},"end":{"line":13,"column":16}},"6":{"start":{"line":17,"column":0},"end":{"line":20,"column":54}},"7":{"start":{"line":22,"column":0},"end":{"line":25,"column":69}},"8":{"start":{"line":27,"column":0},"end":{"line":27,"column":51}},"9":{"start":{"line":29,"column":0},"end":{"line":37,"column":2}}},"fnMap":{"0":{"name":"(anonymous_0)","decl":{"start":{"line":9,"column":10},"end":{"line":9,"column":11}},"loc":{"start":{"line":9,"column":30},"end":{"line":14,"column":3}},"line":9}},"branchMap":{"0":{"loc":{"start":{"line":10,"column":4},"end":{"line":12,"column":5}},"type":"if","locations":[{"start":{"line":10,"column":4},"end":{"line":12,"column":5}},{"start":{},"end":{}}],"line":10}},"s":{"0":1,"1":1,"2":1,"3":0,"4":0,"5":0,"6":1,"7":1,"8":1,"9":1},"f":{"0":0},"b":{"0":[0,0]},"_coverageSchema":"1a1c01bbd47fc00a2c39e90264f33305004495a9","hash":"ec78759e0c316b28909087439bdbf15619cb6ab1"}
,"/Users/chandimasamaraweera/Sites/irdetoi-note/models/resetToken.model.js": {"path":"/Users/chandimasamaraweera/Sites/irdetoi-note/models/resetToken.model.js","statementMap":{"0":{"start":{"line":1,"column":17},"end":{"line":1,"column":36}},"1":{"start":{"line":2,"column":15},"end":{"line":2,"column":32}},"2":{"start":{"line":4,"column":25},"end":{"line":22,"column":1}},"3":{"start":{"line":16,"column":21},"end":{"line":16,"column":59}},"4":{"start":{"line":24,"column":0},"end":{"line":24,"column":71}},"5":{"start":{"line":25,"column":0},"end":{"line":25,"column":64}}},"fnMap":{"0":{"name":"(anonymous_0)","decl":{"start":{"line":16,"column":15},"end":{"line":16,"column":16}},"loc":{"start":{"line":16,"column":21},"end":{"line":16,"column":59}},"line":16}},"branchMap":{},"s":{"0":1,"1":1,"2":1,"3":0,"4":1,"5":1},"f":{"0":0},"b":{},"_coverageSchema":"1a1c01bbd47fc00a2c39e90264f33305004495a9","hash":"6e1efb35824fa0b67213598fcf1bfb01aa4aa1cf"}
,"/Users/chandimasamaraweera/Sites/irdetoi-note/models/user.model.js": {"path":"/Users/chandimasamaraweera/Sites/irdetoi-note/models/user.model.js","statementMap":{"0":{"start":{"line":1,"column":17},"end":{"line":1,"column":36}},"1":{"start":{"line":2,"column":15},"end":{"line":2,"column":32}},"2":{"start":{"line":3,"column":15},"end":{"line":3,"column":34}},"3":{"start":{"line":5,"column":19},"end":{"line":48,"column":1}},"4":{"start":{"line":36,"column":21},"end":{"line":36,"column":59}},"5":{"start":{"line":50,"column":0},"end":{"line":53,"column":3}},"6":{"start":{"line":56,"column":2},"end":{"line":56,"column":35}},"7":{"start":{"line":59,"column":0},"end":{"line":72,"column":3}},"8":{"start":{"line":60,"column":15},"end":{"line":60,"column":19}},"9":{"start":{"line":61,"column":2},"end":{"line":70,"column":3}},"10":{"start":{"line":62,"column":4},"end":{"line":69,"column":9}},"11":{"start":{"line":64,"column":8},"end":{"line":64,"column":29}},"12":{"start":{"line":65,"column":8},"end":{"line":65,"column":22}},"13":{"start":{"line":68,"column":8},"end":{"line":68,"column":27}},"14":{"start":{"line":71,"column":2},"end":{"line":71,"column":16}},"15":{"start":{"line":74,"column":0},"end":{"line":78,"column":2}},"16":{"start":{"line":77,"column":2},"end":{"line":77,"column":58}},"17":{"start":{"line":80,"column":0},"end":{"line":80,"column":52}}},"fnMap":{"0":{"name":"(anonymous_0)","decl":{"start":{"line":36,"column":15},"end":{"line":36,"column":16}},"loc":{"start":{"line":36,"column":21},"end":{"line":36,"column":59}},"line":36},"1":{"name":"generateHash","decl":{"start":{"line":55,"column":15},"end":{"line":55,"column":27}},"loc":{"start":{"line":55,"column":38},"end":{"line":57,"column":1}},"line":55},"2":{"name":"preSave","decl":{"start":{"line":59,"column":32},"end":{"line":59,"column":39}},"loc":{"start":{"line":59,"column":46},"end":{"line":72,"column":1}},"line":59},"3":{"name":"(anonymous_3)","decl":{"start":{"line":63,"column":12},"end":{"line":63,"column":13}},"loc":{"start":{"line":63,"column":22},"end":{"line":66,"column":7}},"line":63},"4":{"name":"(anonymous_4)","decl":{"start":{"line":67,"column":13},"end":{"line":67,"column":14}},"loc":{"start":{"line":67,"column":24},"end":{"line":69,"column":7}},"line":67},"5":{"name":"comparePassword","decl":{"start":{"line":74,"column":52},"end":{"line":74,"column":67}},"loc":{"start":{"line":76,"column":2},"end":{"line":78,"column":1}},"line":76}},"branchMap":{"0":{"loc":{"start":{"line":61,"column":2},"end":{"line":70,"column":3}},"type":"if","locations":[{"start":{"line":61,"column":2},"end":{"line":70,"column":3}},{"start":{},"end":{}}],"line":61}},"s":{"0":1,"1":1,"2":1,"3":1,"4":0,"5":1,"6":0,"7":1,"8":0,"9":0,"10":0,"11":0,"12":0,"13":0,"14":0,"15":1,"16":0,"17":1},"f":{"0":0,"1":0,"2":0,"3":0,"4":0,"5":0},"b":{"0":[0,0]},"_coverageSchema":"1a1c01bbd47fc00a2c39e90264f33305004495a9","hash":"9c928eabc6fabcdc18f370dbaf2166b70db468e1"}
,"/Users/chandimasamaraweera/Sites/irdetoi-note/services/user.service.js": {"path":"/Users/chandimasamaraweera/Sites/irdetoi-note/services/user.service.js","statementMap":{"0":{"start":{"line":1,"column":15},"end":{"line":1,"column":32}},"1":{"start":{"line":3,"column":18},"end":{"line":3,"column":49}},"2":{"start":{"line":4,"column":27},"end":{"line":4,"column":64}},"3":{"start":{"line":5,"column":24},"end":{"line":5,"column":61}},"4":{"start":{"line":18,"column":4},"end":{"line":18,"column":47}},"5":{"start":{"line":28,"column":4},"end":{"line":28,"column":50}},"6":{"start":{"line":40,"column":17},"end":{"line":40,"column":32}},"7":{"start":{"line":41,"column":4},"end":{"line":41,"column":23}},"8":{"start":{"line":42,"column":4},"end":{"line":42,"column":29}},"9":{"start":{"line":43,"column":4},"end":{"line":43,"column":29}},"10":{"start":{"line":44,"column":22},"end":{"line":44,"column":39}},"11":{"start":{"line":45,"column":4},"end":{"line":45,"column":21}},"12":{"start":{"line":49,"column":17},"end":{"line":49,"column":32}},"13":{"start":{"line":50,"column":4},"end":{"line":50,"column":23}},"14":{"start":{"line":51,"column":4},"end":{"line":51,"column":40}},"15":{"start":{"line":52,"column":4},"end":{"line":52,"column":59}},"16":{"start":{"line":53,"column":4},"end":{"line":53,"column":29}},"17":{"start":{"line":54,"column":22},"end":{"line":54,"column":39}},"18":{"start":{"line":55,"column":4},"end":{"line":55,"column":21}},"19":{"start":{"line":65,"column":26},"end":{"line":65,"column":50}},"20":{"start":{"line":66,"column":4},"end":{"line":66,"column":34}},"21":{"start":{"line":67,"column":23},"end":{"line":67,"column":49}},"22":{"start":{"line":68,"column":4},"end":{"line":68,"column":28}},"23":{"start":{"line":78,"column":4},"end":{"line":81,"column":14}},"24":{"start":{"line":90,"column":4},"end":{"line":92,"column":14}},"25":{"start":{"line":101,"column":17},"end":{"line":101,"column":49}},"26":{"start":{"line":102,"column":4},"end":{"line":104,"column":5}},"27":{"start":{"line":103,"column":6},"end":{"line":103,"column":40}},"28":{"start":{"line":105,"column":4},"end":{"line":105,"column":29}},"29":{"start":{"line":106,"column":4},"end":{"line":106,"column":23}},"30":{"start":{"line":117,"column":4},"end":{"line":117,"column":41}},"31":{"start":{"line":121,"column":4},"end":{"line":123,"column":14}},"32":{"start":{"line":132,"column":4},"end":{"line":132,"column":54}},"33":{"start":{"line":141,"column":4},"end":{"line":141,"column":59}},"34":{"start":{"line":150,"column":4},"end":{"line":150,"column":43}},"35":{"start":{"line":154,"column":0},"end":{"line":154,"column":29}}},"fnMap":{"0":{"name":"(anonymous_0)","decl":{"start":{"line":17,"column":2},"end":{"line":17,"column":3}},"loc":{"start":{"line":17,"column":34},"end":{"line":19,"column":3}},"line":17},"1":{"name":"(anonymous_1)","decl":{"start":{"line":27,"column":2},"end":{"line":27,"column":3}},"loc":{"start":{"line":27,"column":40},"end":{"line":29,"column":3}},"line":27},"2":{"name":"(anonymous_2)","decl":{"start":{"line":39,"column":2},"end":{"line":39,"column":3}},"loc":{"start":{"line":39,"column":53},"end":{"line":46,"column":3}},"line":39},"3":{"name":"(anonymous_3)","decl":{"start":{"line":48,"column":2},"end":{"line":48,"column":3}},"loc":{"start":{"line":48,"column":63},"end":{"line":56,"column":3}},"line":48},"4":{"name":"(anonymous_4)","decl":{"start":{"line":64,"column":2},"end":{"line":64,"column":3}},"loc":{"start":{"line":64,"column":48},"end":{"line":69,"column":3}},"line":64},"5":{"name":"(anonymous_5)","decl":{"start":{"line":77,"column":2},"end":{"line":77,"column":3}},"loc":{"start":{"line":77,"column":55},"end":{"line":82,"column":3}},"line":77},"6":{"name":"(anonymous_6)","decl":{"start":{"line":89,"column":2},"end":{"line":89,"column":3}},"loc":{"start":{"line":89,"column":47},"end":{"line":93,"column":3}},"line":89},"7":{"name":"(anonymous_7)","decl":{"start":{"line":100,"column":2},"end":{"line":100,"column":3}},"loc":{"start":{"line":100,"column":48},"end":{"line":107,"column":3}},"line":100},"8":{"name":"(anonymous_8)","decl":{"start":{"line":116,"column":2},"end":{"line":116,"column":3}},"loc":{"start":{"line":116,"column":28},"end":{"line":118,"column":3}},"line":116},"9":{"name":"(anonymous_9)","decl":{"start":{"line":120,"column":2},"end":{"line":120,"column":3}},"loc":{"start":{"line":120,"column":55},"end":{"line":124,"column":3}},"line":120},"10":{"name":"(anonymous_10)","decl":{"start":{"line":131,"column":2},"end":{"line":131,"column":3}},"loc":{"start":{"line":131,"column":37},"end":{"line":133,"column":3}},"line":131},"11":{"name":"(anonymous_11)","decl":{"start":{"line":140,"column":2},"end":{"line":140,"column":3}},"loc":{"start":{"line":140,"column":25},"end":{"line":142,"column":3}},"line":140},"12":{"name":"(anonymous_12)","decl":{"start":{"line":149,"column":2},"end":{"line":149,"column":3}},"loc":{"start":{"line":149,"column":30},"end":{"line":151,"column":3}},"line":149}},"branchMap":{"0":{"loc":{"start":{"line":102,"column":4},"end":{"line":104,"column":5}},"type":"if","locations":[{"start":{"line":102,"column":4},"end":{"line":104,"column":5}},{"start":{},"end":{}}],"line":102}},"s":{"0":1,"1":1,"2":1,"3":1,"4":0,"5":0,"6":0,"7":0,"8":0,"9":0,"10":0,"11":0,"12":0,"13":0,"14":0,"15":0,"16":0,"17":0,"18":0,"19":0,"20":0,"21":0,"22":0,"23":0,"24":0,"25":0,"26":0,"27":0,"28":0,"29":0,"30":0,"31":0,"32":0,"33":0,"34":0,"35":1},"f":{"0":0,"1":0,"2":0,"3":0,"4":0,"5":0,"6":0,"7":0,"8":0,"9":0,"10":0,"11":0,"12":0},"b":{"0":[0,0]},"_coverageSchema":"1a1c01bbd47fc00a2c39e90264f33305004495a9","hash":"2c5f7cee77f979e244f41878a2b0eda286ce71e5"}
}
